Unable to create model parameter panel
java.lang.IllegalAccessException: Class uchicago.src.reflector.Introspector can not access a member of class Repast3StoreLauncher with modifiers "public"
	at sun.reflect.Reflection.ensureMemberAccess(Reflection.java:102)
	at java.lang.reflect.AccessibleObject.slowCheckMemberAccess(AccessibleObject.java:296)
	at java.lang.reflect.AccessibleObject.checkAccess(AccessibleObject.java:288)
	at java.lang.reflect.Method.invoke(Method.java:491)
	at uchicago.src.reflector.Introspector.getPropertyValue(Unknown Source)
	at uchicago.src.reflector.Introspector.isPropertyStringable(Unknown Source)
	at uchicago.src.reflector.WidgetFactory.getWidget(Unknown Source)
	at uchicago.src.reflector.IntrospectPanel.init(Unknown Source)
	at uchicago.src.reflector.IntrospectPanel.<init>(Unknown Source)
	at uchicago.src.reflector.IntrospectPanel.<init>(Unknown Source)
	at uchicago.src.sim.engine.AbstractGUIController.getModelParameterPanel(Unknown Source)
	at uchicago.src.sim.engine.Controller.addParamPanel(Unknown Source)
	at uchicago.src.sim.engine.Controller.setupParamFrame(Unknown Source)
	at uchicago.src.sim.engine.Controller.display(Unknown Source)
	at uchicago.src.sim.engine.SimInit.load(Unknown Source)
	at uchicago.src.sim.engine.SimInit.load(Unknown Source)
	at uchicago.src.sim.engine.SimInit.loadModel(Unknown Source)
	at Repast3StoreLauncher.main(Repast3StoreLauncher.java:109)
